<?xml version="1.0" encoding="UTF-8"?>
<!-- Generated by org.testng.reporters.JUnitReportReporter -->
<testsuite hostname="Vincents-MacBook.local" failures="0" tests="1" name="com.NobodyKnowsWhichTests" time="5.684" errors="0" timestamp="23 Mai 2018 07:02:52 GMT" skipped="0">
  <testcase classname="com.NobodyKnowsWhichTests" name="loginInvalidPassword" time="5.684"/>
</testsuite> <!-- com.NobodyKnowsWhichTests -->
