<?xml version="1.0" encoding="UTF-8"?>
<!-- Generated by org.testng.reporters.JUnitReportReporter -->
<testsuite hostname="VincentsMacBook.lan" failures="0" tests="2" name="com.vincent.NobodyKnowsWhichTests" time="18.160" errors="0" timestamp="29 Mai 2018 09:31:43 GMT" skipped="0">
  <testcase classname="com.vincent.NobodyKnowsWhichTests" name="loginValidCredentials" time="6.594"/>
  <testcase classname="com.vincent.NobodyKnowsWhichTests" name="loginInvalidPassword" time="11.566"/>
</testsuite> <!-- com.vincent.NobodyKnowsWhichTests -->
