<?xml version="1.0" encoding="UTF-8"?>
<!-- Generated by org.testng.reporters.JUnitReportReporter -->
<testsuite hostname="Vincents-MacBook.local" failures="0" tests="1" name="com.vincent.AccountCreationTests" time="12.950" errors="0" timestamp="01 Juni 2018 12:07:00 GMT" skipped="0">
  <testcase classname="com.vincent.AccountCreationTests" name="registerAccount" time="12.950"/>
</testsuite> <!-- com.vincent.AccountCreationTests -->
