<?xml version="1.0" encoding="UTF-8"?>
<!-- Generated by org.testng.reporters.JUnitReportReporter -->
<testsuite hostname="Annas-MacBook-Pro.local" failures="0" tests="2" name="com.vincent.NobodyKnowsWhichTests" time="12.117" errors="0" timestamp="28 May 2018 17:52:43 GMT" skipped="0">
  <testcase classname="com.vincent.NobodyKnowsWhichTests" name="loginValidCredentials" time="5.421"/>
  <testcase classname="com.vincent.NobodyKnowsWhichTests" name="loginInvalidPassword" time="6.696"/>
</testsuite> <!-- com.vincent.NobodyKnowsWhichTests -->
