<?xml version="1.0" encoding="UTF-8"?>
<!-- Generated by org.testng.reporters.JUnitReportReporter -->
<testsuite hostname="Vincents-MacBook.local" failures="0" tests="3" name="com.enfore.firststeps.Selenium1" time="14.366" errors="0" timestamp="17 Mai 2018 17:23:20 GMT" skipped="0">
  <testcase classname="com.enfore.firststeps.Selenium1" name="loginInvalidPassword" time="3.422"/>
  <testcase classname="com.enfore.firststeps.Selenium1" name="loginInvalidEmailAndPassword" time="6.059"/>
  <testcase classname="com.enfore.firststeps.Selenium1" name="loginValidCredentials" time="4.885"/>
</testsuite> <!-- com.enfore.firststeps.Selenium1 -->
