<?xml version="1.0" encoding="UTF-8"?>
<!-- Generated by org.testng.reporters.JUnitReportReporter -->
<testsuite hostname="Vincents-MacBook.local" failures="0" tests="3" name="com.amazon.tests.LoginTests" time="10.874" errors="0" timestamp="25 Juni 2018 19:58:44 GMT" skipped="0">
  <testcase classname="com.amazon.tests.LoginTests" name="loginInvalidPassword" time="3.005"/>
  <testcase classname="com.amazon.tests.LoginTests" name="loginValidCredentials" time="4.177"/>
  <testcase classname="com.amazon.tests.LoginTests" name="loginInvalidEmail" time="3.692"/>
</testsuite> <!-- com.amazon.tests.LoginTests -->
