<?xml version="1.0" encoding="UTF-8"?>
<!-- Generated by org.testng.reporters.JUnitReportReporter -->
<testsuite hostname="VincentsMacBook.lan" failures="0" tests="1" name="com.vincent.NobodyKnowsWhichTests" time="11.297" errors="0" timestamp="23 Mai 2018 16:22:51 GMT" skipped="0">
  <testcase classname="com.vincent.NobodyKnowsWhichTests" name="loginInvalidPassword" time="11.297"/>
</testsuite> <!-- com.vincent.NobodyKnowsWhichTests -->
