<?xml version="1.0" encoding="UTF-8"?>
<!-- Generated by org.testng.reporters.JUnitReportReporter -->
<testsuite hostname="Vincents-MacBook.local" failures="0" tests="3" name="com.vincent.LoginTests" time="11.226" errors="0" timestamp="01 Juni 2018 12:07:00 GMT" skipped="0">
  <testcase classname="com.vincent.LoginTests" name="loginValidCredentials" time="3.906"/>
  <testcase classname="com.vincent.LoginTests" name="loginInvalidEmail" time="4.257"/>
  <testcase classname="com.vincent.LoginTests" name="loginInvalidPassword" time="3.063"/>
</testsuite> <!-- com.vincent.LoginTests -->
